<?xml version="1.0" encoding="UTF-8"?>
<testsuite name="Scenario: logueo en aplicacion Sahi" tests="1" skipped="0" failures="0" errors="0" timestamp="2018-02-26T15:22:20" hostname="LAPTOP-LAFQ684S" time="0.408">
  <properties/>
  <testcase name="classMethod" classname="Scenario: logueo en aplicacion Sahi" time="0.408"/>
  <system-out><![CDATA[]]></system-out>
  <system-err><![CDATA[]]></system-err>
</testsuite>
